Date/Time: 14 November 2018 @ 16:30:20
Code: 2005
Error: Unknown MySQL server host 'Database host name goes here..' (0)
File: /home/penta/public_html/blog/control/classes/class.db.php
Line: 455

= = = = = = = = = = = = = = = = = = = = = = = = = = = = = = = = = = = = = = =

Date/Time: 14 November 2018 @ 16:30:52
Code: 2005
Error: Unknown MySQL server host 'Database host name goes here..' (0)
File: /home/penta/public_html/blog/control/classes/class.db.php
Line: 455

= = = = = = = = = = = = = = = = = = = = = = = = = = = = = = = = = = = = = = =

Date/Time: 14 November 2018 @ 16:30:53
Code: 2005
Error: Unknown MySQL server host 'Database host name goes here..' (0)
File: /home/penta/public_html/blog/control/classes/class.db.php
Line: 455

= = = = = = = = = = = = = = = = = = = = = = = = = = = = = = = = = = = = = = =

Date/Time: 14 November 2018 @ 16:30:54
Code: 2005
Error: Unknown MySQL server host 'Database host name goes here..' (0)
File: /home/penta/public_html/blog/control/classes/class.db.php
Line: 455

= = = = = = = = = = = = = = = = = = = = = = = = = = = = = = = = = = = = = = =

Date/Time: 14 November 2018 @ 10:31:27
Code: 2005
Error: Unknown MySQL server host 'Database host name goes here..' (0)
File: /home/penta/public_html/blog/control/classes/class.db.php
Line: 455

= = = = = = = = = = = = = = = = = = = = = = = = = = = = = = = = = = = = = = =

Date/Time: 14 November 2018 @ 16:32:42
Code: 2005
Error: Unknown MySQL server host 'Database host name goes here..' (0)
File: /home/penta/public_html/blog/control/classes/class.db.php
Line: 455

= = = = = = = = = = = = = = = = = = = = = = = = = = = = = = = = = = = = = = =

Date/Time: 14 November 2018 @ 16:32:46
Code: 2005
Error: Unknown MySQL server host 'Database host name goes here..' (0)
File: /home/penta/public_html/blog/control/classes/class.db.php
Line: 455

= = = = = = = = = = = = = = = = = = = = = = = = = = = = = = = = = = = = = = =

Date/Time: 14 November 2018 @ 10:32:50
Code: 2005
Error: Unknown MySQL server host 'Database host name goes here..' (0)
File: /home/penta/public_html/blog/control/classes/class.db.php
Line: 455

= = = = = = = = = = = = = = = = = = = = = = = = = = = = = = = = = = = = = = =

Date/Time: 6 September 2020 @ 12:38:07
Code: 1045
Error: Access denied for user 'penta_adminnovo'@'localhost' (using password: YES)
File: /home/penta/public_html/blog/control/classes/class.db.php
Line: 455

= = = = = = = = = = = = = = = = = = = = = = = = = = = = = = = = = = = = = = =

Date/Time: 7 September 2020 @ 00:53:22
Code: 1045
Error: Access denied for user 'penta_adminnovo'@'localhost' (using password: YES)
File: /home/penta/public_html/blog/control/classes/class.db.php
Line: 455

= = = = = = = = = = = = = = = = = = = = = = = = = = = = = = = = = = = = = = =

Date/Time: 7 September 2020 @ 05:28:32
Code: 1045
Error: Access denied for user 'penta_adminnovo'@'localhost' (using password: YES)
File: /home/penta/public_html/blog/control/classes/class.db.php
Line: 455

= = = = = = = = = = = = = = = = = = = = = = = = = = = = = = = = = = = = = = =

Date/Time: 7 September 2020 @ 21:34:17
Code: 1045
Error: Access denied for user 'penta_adminnovo'@'localhost' (using password: YES)
File: /home/penta/public_html/blog/control/classes/class.db.php
Line: 455

= = = = = = = = = = = = = = = = = = = = = = = = = = = = = = = = = = = = = = =

Date/Time: 7 September 2020 @ 23:54:11
Code: 1045
Error: Access denied for user 'penta_adminnovo'@'localhost' (using password: YES)
File: /home/penta/public_html/blog/control/classes/class.db.php
Line: 455

= = = = = = = = = = = = = = = = = = = = = = = = = = = = = = = = = = = = = = =

Date/Time: 8 September 2020 @ 10:42:42
Code: 1045
Error: Access denied for user 'penta_adminnovo'@'localhost' (using password: YES)
File: /home/penta/public_html/blog/control/classes/class.db.php
Line: 455

= = = = = = = = = = = = = = = = = = = = = = = = = = = = = = = = = = = = = = =

Date/Time: 8 September 2020 @ 19:45:56
Code: 1045
Error: Access denied for user 'penta_adminnovo'@'localhost' (using password: YES)
File: /home/penta/public_html/blog/control/classes/class.db.php
Line: 455

= = = = = = = = = = = = = = = = = = = = = = = = = = = = = = = = = = = = = = =

Date/Time: 9 September 2020 @ 10:19:08
Code: 1045
Error: Access denied for user 'penta_adminnovo'@'localhost' (using password: YES)
File: /home/penta/public_html/blog/control/classes/class.db.php
Line: 455

= = = = = = = = = = = = = = = = = = = = = = = = = = = = = = = = = = = = = = =

Date/Time: 10 September 2020 @ 12:32:26
Code: 1045
Error: Access denied for user 'penta_adminnovo'@'localhost' (using password: YES)
File: /home/penta/public_html/blog/control/classes/class.db.php
Line: 455

= = = = = = = = = = = = = = = = = = = = = = = = = = = = = = = = = = = = = = =

Date/Time: 10 September 2020 @ 22:18:32
Code: 1045
Error: Access denied for user 'penta_adminnovo'@'localhost' (using password: YES)
File: /home/penta/public_html/blog/control/classes/class.db.php
Line: 455

= = = = = = = = = = = = = = = = = = = = = = = = = = = = = = = = = = = = = = =

Date/Time: 14 September 2020 @ 08:05:24
Code: 1045
Error: Access denied for user 'penta_adminnovo'@'localhost' (using password: YES)
File: /home/penta/public_html/blog/control/classes/class.db.php
Line: 455

= = = = = = = = = = = = = = = = = = = = = = = = = = = = = = = = = = = = = = =

Date/Time: 14 September 2020 @ 08:15:02
Code: 1045
Error: Access denied for user 'penta_adminnovo'@'localhost' (using password: YES)
File: /home/penta/public_html/blog/control/classes/class.db.php
Line: 455

= = = = = = = = = = = = = = = = = = = = = = = = = = = = = = = = = = = = = = =

Date/Time: 14 September 2020 @ 12:05:00
Code: 1045
Error: Access denied for user 'penta_adminnovo'@'localhost' (using password: YES)
File: /home/penta/public_html/blog/control/classes/class.db.php
Line: 455

= = = = = = = = = = = = = = = = = = = = = = = = = = = = = = = = = = = = = = =

Date/Time: 14 September 2020 @ 17:59:21
Code: 1045
Error: Access denied for user 'penta_adminnovo'@'localhost' (using password: YES)
File: /home/penta/public_html/blog/control/classes/class.db.php
Line: 455

= = = = = = = = = = = = = = = = = = = = = = = = = = = = = = = = = = = = = = =

